<?xml version="1.0" encoding="UTF-8"?>
<testsuite xmlns:xsi="http://www.w3.org/2001/XMLSchema-instance" xsi:noNamespaceSchemaLocation="https://maven.apache.org/surefire/maven-surefire-plugin/xsd/surefire-test-report.xsd" name="TestSuite" time="68.042" tests="5" errors="0" skipped="0" failures="0">
  <properties>
[...]
</properties>
  <testcase name="TC_01_Add_Product_to_Cart" classname="nopCommerce.Test_07_Order" time="12.502"/>
  <testcase name="TC_02_Edit_Product_in_Shopping_Cart" classname="nopCommerce.Test_07_Order" time="8.446"/>
  <testcase name="TC_03_Remove_from_Cart" classname="nopCommerce.Test_07_Order" time="1.878"/>
  <testcase name="TC_04_Update_Shopping_Cart" classname="nopCommerce.Test_07_Order" time="10.041"/>
  <testcase name="TC_05_Checkout_Order" classname="nopCommerce.Test_07_Order" time="23.091"/>
</testsuite>