<?xml version="1.0" encoding="UTF-8"?>
<!-- Generated by org.testng.reporters.JUnitXMLReporter -->
<testsuite hostname="Trungs-MacBook-Pro.local" ignored="0" name="Run on Chrome" tests="5" failures="0" timestamp="2021-09-13T22:29:36 ICT" time="66.976" errors="0">
  <testcase name="TC_01_Add_Product_to_Cart" time="12.5" classname="nopCommerce.Test_07_Order"/>
  <testcase name="TC_02_Edit_Product_in_Shopping_Cart" time="8.446" classname="nopCommerce.Test_07_Order"/>
  <testcase name="TC_03_Remove_from_Cart" time="1.878" classname="nopCommerce.Test_07_Order"/>
  <testcase name="TC_04_Update_Shopping_Cart" time="10.041" classname="nopCommerce.Test_07_Order"/>
  <testcase name="TC_05_Checkout_Order" time="23.092" classname="nopCommerce.Test_07_Order"/>
</testsuite> <!-- Run on Chrome -->
